g:\guetzli\guetzli\obj\x86\debug\guetzli\vc140.pdb
g:\guetzli\guetzli\obj\x86\debug\guetzli\vc140.idb
g:\guetzli\guetzli\obj\x86\debug\guetzli\dct_double.obj
g:\guetzli\guetzli\obj\x86\debug\guetzli\debug_print.obj
g:\guetzli\guetzli\obj\x86\debug\guetzli\entropy_encode.obj
g:\guetzli\guetzli\obj\x86\debug\guetzli\fdct.obj
g:\guetzli\guetzli\obj\x86\debug\guetzli\gamma_correct.obj
g:\guetzli\guetzli\obj\x86\debug\guetzli\guetzli.obj
g:\guetzli\guetzli\obj\x86\debug\guetzli\idct.obj
g:\guetzli\guetzli\obj\x86\debug\guetzli\jpeg_data.obj
g:\guetzli\guetzli\obj\x86\debug\guetzli\jpeg_data_decoder.obj
g:\guetzli\guetzli\obj\x86\debug\guetzli\jpeg_data_encoder.obj
g:\guetzli\guetzli\obj\x86\debug\guetzli\jpeg_data_reader.obj
g:\guetzli\guetzli\obj\x86\debug\guetzli\jpeg_data_writer.obj
g:\guetzli\guetzli\obj\x86\debug\guetzli\jpeg_huffman_decode.obj
g:\guetzli\guetzli\obj\x86\debug\guetzli\output_image.obj
g:\guetzli\guetzli\obj\x86\debug\guetzli\preprocess_downsample.obj
g:\guetzli\guetzli\obj\x86\debug\guetzli\processor.obj
g:\guetzli\guetzli\obj\x86\debug\guetzli\quality.obj
g:\guetzli\guetzli\obj\x86\debug\guetzli\quantize.obj
g:\guetzli\guetzli\obj\x86\debug\guetzli\score.obj
g:\guetzli\guetzli\obj\x86\debug\guetzli\butteraugli.obj
g:\guetzli\guetzli\obj\x86\debug\guetzli\butteraugli_comparator.obj
g:\guetzli\guetzli\obj\x86\debug\guetzli\guetzli.tlog\cl.command.1.tlog
g:\guetzli\guetzli\obj\x86\debug\guetzli\guetzli.tlog\cl.read.1.tlog
g:\guetzli\guetzli\obj\x86\debug\guetzli\guetzli.tlog\cl.write.1.tlog
g:\guetzli\guetzli\obj\x86\debug\guetzli\guetzli.tlog\link-cvtres.read.1.tlog
g:\guetzli\guetzli\obj\x86\debug\guetzli\guetzli.tlog\link-cvtres.write.1.tlog
g:\guetzli\guetzli\obj\x86\debug\guetzli\guetzli.tlog\link-rc.read.1.tlog
g:\guetzli\guetzli\obj\x86\debug\guetzli\guetzli.tlog\link-rc.write.1.tlog
g:\guetzli\guetzli\obj\x86\debug\guetzli\guetzli.tlog\link.command.1.tlog
g:\guetzli\guetzli\obj\x86\debug\guetzli\guetzli.tlog\link.read.1.tlog
g:\guetzli\guetzli\obj\x86\debug\guetzli\guetzli.tlog\link.write.1.tlog
