  butteraugli.cc
g:\guetzli\guetzli\third_party\butteraugli\butteraugli\butteraugli.cc(147): warning C4244: “初始化”: 从“double”转换到“float”，可能丢失数据
g:\guetzli\guetzli\third_party\butteraugli\butteraugli\butteraugli.cc(147): warning C4244: “初始化”: 从“double”转换到“const float”，可能丢失数据
g:\guetzli\guetzli\third_party\butteraugli\butteraugli\butteraugli.cc(148): warning C4244: “参数”: 从“float”转换到“const int”，可能丢失数据
g:\guetzli\guetzli\third_party\butteraugli\butteraugli\butteraugli.cc(164): warning C4018: “<”: 有符号/无符号不匹配
g:\guetzli\guetzli\third_party\butteraugli\butteraugli\butteraugli.cc(195): warning C4018: “<=”: 有符号/无符号不匹配
g:\guetzli\guetzli\third_party\butteraugli\butteraugli\butteraugli.cc(216): warning C4018: “<”: 有符号/无符号不匹配
g:\guetzli\guetzli\third_party\butteraugli\butteraugli\butteraugli.cc(306): warning C4244: “参数”: 从“const double”转换到“float”，可能丢失数据
g:\guetzli\guetzli\third_party\butteraugli\butteraugli\butteraugli.cc(307): warning C4244: “参数”: 从“const double”转换到“float”，可能丢失数据
g:\guetzli\guetzli\third_party\butteraugli\butteraugli\butteraugli.cc(314): warning C4305: “初始化”: 从“double”到“float”截断
g:\guetzli\guetzli\third_party\butteraugli\butteraugli\butteraugli.cc(388): warning C4244: “参数”: 从“const double”转换到“float”，可能丢失数据
g:\guetzli\guetzli\third_party\butteraugli\butteraugli\butteraugli.cc(408): warning C4244: “=”: 从“double”转换到“float”，可能丢失数据
g:\guetzli\guetzli\third_party\butteraugli\butteraugli\butteraugli.cc(409): warning C4244: “=”: 从“double”转换到“float”，可能丢失数据
g:\guetzli\guetzli\third_party\butteraugli\butteraugli\butteraugli.cc(410): warning C4244: “=”: 从“double”转换到“float”，可能丢失数据
g:\guetzli\guetzli\third_party\butteraugli\butteraugli\butteraugli.cc(440): warning C4018: “<”: 有符号/无符号不匹配
g:\guetzli\guetzli\third_party\butteraugli\butteraugli\butteraugli.cc(447): warning C4018: “<”: 有符号/无符号不匹配
g:\guetzli\guetzli\third_party\butteraugli\butteraugli\butteraugli.cc(448): warning C4244: “参数”: 从“const double”转换到“float”，可能丢失数据
g:\guetzli\guetzli\third_party\butteraugli\butteraugli\butteraugli.cc(452): warning C4018: “<”: 有符号/无符号不匹配
g:\guetzli\guetzli\third_party\butteraugli\butteraugli\butteraugli.cc(453): warning C4244: “参数”: 从“const double”转换到“float”，可能丢失数据
g:\guetzli\guetzli\third_party\butteraugli\butteraugli\butteraugli.cc(489): warning C4305: “初始化”: 从“double”到“float”截断
g:\guetzli\guetzli\third_party\butteraugli\butteraugli\butteraugli.cc(490): warning C4305: “初始化”: 从“double”到“float”截断
g:\guetzli\guetzli\third_party\butteraugli\butteraugli\butteraugli.cc(523): warning C4244: “=”: 从“double”转换到“float”，可能丢失数据
g:\guetzli\guetzli\third_party\butteraugli\butteraugli\butteraugli.cc(544): warning C4244: “=”: 从“double”转换到“float”，可能丢失数据
g:\guetzli\guetzli\third_party\butteraugli\butteraugli\butteraugli.cc(562): warning C4244: “参数”: 从“const double”转换到“float”，可能丢失数据
g:\guetzli\guetzli\third_party\butteraugli\butteraugli\butteraugli.cc(578): warning C4244: “参数”: 从“const double”转换到“float”，可能丢失数据
g:\guetzli\guetzli\third_party\butteraugli\butteraugli\butteraugli.cc(592): warning C4244: “参数”: 从“const double”转换到“float”，可能丢失数据
g:\guetzli\guetzli\third_party\butteraugli\butteraugli\butteraugli.cc(666): warning C4244: “=”: 从“const double”转换到“float”，可能丢失数据
g:\guetzli\guetzli\third_party\butteraugli\butteraugli\butteraugli.cc(667): warning C4244: “=”: 从“const double”转换到“float”，可能丢失数据
g:\guetzli\guetzli\third_party\butteraugli\butteraugli\butteraugli.cc(669): warning C4244: “=”: 从“double”转换到“float”，可能丢失数据
g:\guetzli\guetzli\third_party\butteraugli\butteraugli\butteraugli.cc(670): warning C4244: “=”: 从“double”转换到“float”，可能丢失数据
g:\guetzli\guetzli\third_party\butteraugli\butteraugli\butteraugli.cc(672): warning C4244: “参数”: 从“const double”转换到“float”，可能丢失数据
g:\guetzli\guetzli\third_party\butteraugli\butteraugli\butteraugli.cc(673): warning C4244: “参数”: 从“const double”转换到“float”，可能丢失数据
g:\guetzli\guetzli\third_party\butteraugli\butteraugli\butteraugli.cc(680): warning C4244: “+=”: 从“double”转换到“float”，可能丢失数据
g:\guetzli\guetzli\third_party\butteraugli\butteraugli\butteraugli.cc(702): warning C4244: “=”: 从“const double”转换到“float”，可能丢失数据
g:\guetzli\guetzli\third_party\butteraugli\butteraugli\butteraugli.cc(703): warning C4244: “=”: 从“const double”转换到“float”，可能丢失数据
g:\guetzli\guetzli\third_party\butteraugli\butteraugli\butteraugli.cc(712): warning C4244: “=”: 从“double”转换到“float”，可能丢失数据
g:\guetzli\guetzli\third_party\butteraugli\butteraugli\butteraugli.cc(713): warning C4244: “=”: 从“double”转换到“float”，可能丢失数据
g:\guetzli\guetzli\third_party\butteraugli\butteraugli\butteraugli.cc(716): warning C4244: “参数”: 从“const double”转换到“float”，可能丢失数据
g:\guetzli\guetzli\third_party\butteraugli\butteraugli\butteraugli.cc(717): warning C4244: “参数”: 从“const double”转换到“float”，可能丢失数据
g:\guetzli\guetzli\third_party\butteraugli\butteraugli\butteraugli.cc(724): warning C4244: “+=”: 从“double”转换到“float”，可能丢失数据
g:\guetzli\guetzli\third_party\butteraugli\butteraugli\butteraugli.cc(746): warning C4244: “=”: 从“const double”转换到“float”，可能丢失数据
g:\guetzli\guetzli\third_party\butteraugli\butteraugli\butteraugli.cc(747): warning C4244: “=”: 从“const double”转换到“float”，可能丢失数据
g:\guetzli\guetzli\third_party\butteraugli\butteraugli\butteraugli.cc(749): warning C4244: “=”: 从“double”转换到“float”，可能丢失数据
g:\guetzli\guetzli\third_party\butteraugli\butteraugli\butteraugli.cc(750): warning C4244: “=”: 从“double”转换到“float”，可能丢失数据
g:\guetzli\guetzli\third_party\butteraugli\butteraugli\butteraugli.cc(758): warning C4244: “=”: 从“double”转换到“float”，可能丢失数据
g:\guetzli\guetzli\third_party\butteraugli\butteraugli\butteraugli.cc(759): warning C4244: “=”: 从“double”转换到“float”，可能丢失数据
g:\guetzli\guetzli\third_party\butteraugli\butteraugli\butteraugli.cc(762): warning C4244: “参数”: 从“const double”转换到“float”，可能丢失数据
g:\guetzli\guetzli\third_party\butteraugli\butteraugli\butteraugli.cc(763): warning C4244: “参数”: 从“const double”转换到“float”，可能丢失数据
g:\guetzli\guetzli\third_party\butteraugli\butteraugli\butteraugli.cc(770): warning C4244: “+=”: 从“double”转换到“float”，可能丢失数据
g:\guetzli\guetzli\third_party\butteraugli\butteraugli\butteraugli.cc(792): warning C4244: “=”: 从“const double”转换到“float”，可能丢失数据
g:\guetzli\guetzli\third_party\butteraugli\butteraugli\butteraugli.cc(793): warning C4244: “=”: 从“const double”转换到“float”，可能丢失数据
g:\guetzli\guetzli\third_party\butteraugli\butteraugli\butteraugli.cc(795): warning C4244: “=”: 从“double”转换到“float”，可能丢失数据
g:\guetzli\guetzli\third_party\butteraugli\butteraugli\butteraugli.cc(796): warning C4244: “=”: 从“double”转换到“float”，可能丢失数据
g:\guetzli\guetzli\third_party\butteraugli\butteraugli\butteraugli.cc(804): warning C4244: “=”: 从“double”转换到“float”，可能丢失数据
g:\guetzli\guetzli\third_party\butteraugli\butteraugli\butteraugli.cc(805): warning C4244: “=”: 从“double”转换到“float”，可能丢失数据
g:\guetzli\guetzli\third_party\butteraugli\butteraugli\butteraugli.cc(808): warning C4244: “参数”: 从“const double”转换到“float”，可能丢失数据
g:\guetzli\guetzli\third_party\butteraugli\butteraugli\butteraugli.cc(809): warning C4244: “参数”: 从“const double”转换到“float”，可能丢失数据
g:\guetzli\guetzli\third_party\butteraugli\butteraugli\butteraugli.cc(816): warning C4244: “+=”: 从“double”转换到“float”，可能丢失数据
g:\guetzli\guetzli\third_party\butteraugli\butteraugli\butteraugli.cc(830): warning C4244: “+=”: 从“double”转换到“float”，可能丢失数据
g:\guetzli\guetzli\third_party\butteraugli\butteraugli\butteraugli.cc(845): warning C4244: “+=”: 从“double”转换到“float”，可能丢失数据
g:\guetzli\guetzli\third_party\butteraugli\butteraugli\butteraugli.cc(855): warning C4244: “+=”: 从“double”转换到“float”，可能丢失数据
g:\guetzli\guetzli\third_party\butteraugli\butteraugli\butteraugli.cc(865): warning C4244: “+=”: 从“double”转换到“float”，可能丢失数据
g:\guetzli\guetzli\third_party\butteraugli\butteraugli\butteraugli.cc(893): warning C4305: “初始化”: 从“double”到“float”截断
g:\guetzli\guetzli\third_party\butteraugli\butteraugli\butteraugli.cc(895): warning C4244: “参数”: 从“const double”转换到“float”，可能丢失数据
g:\guetzli\guetzli\third_party\butteraugli\butteraugli\butteraugli.cc(896): warning C4018: “<”: 有符号/无符号不匹配
g:\guetzli\guetzli\third_party\butteraugli\butteraugli\butteraugli.cc(899): warning C4018: “<”: 有符号/无符号不匹配
g:\guetzli\guetzli\third_party\butteraugli\butteraugli\butteraugli.cc(900): warning C4244: “+=”: 从“double”转换到“float”，可能丢失数据
g:\guetzli\guetzli\third_party\butteraugli\butteraugli\butteraugli.cc(931): warning C4244: “=”: 从“double”转换到“float”，可能丢失数据
g:\guetzli\guetzli\third_party\butteraugli\butteraugli\butteraugli.cc(932): warning C4244: “=”: 从“double”转换到“float”，可能丢失数据
g:\guetzli\guetzli\third_party\butteraugli\butteraugli\butteraugli.cc(1074): warning C4305: “初始化”: 从“double”到“float”截断
g:\guetzli\guetzli\third_party\butteraugli\butteraugli\butteraugli.cc(1394): warning C4244: “=”: 从“double”转换到“float”，可能丢失数据
g:\guetzli\guetzli\third_party\butteraugli\butteraugli\butteraugli.cc(1410): warning C4018: “>=”: 有符号/无符号不匹配
g:\guetzli\guetzli\third_party\butteraugli\butteraugli\butteraugli.cc(1417): warning C4018: “>=”: 有符号/无符号不匹配
g:\guetzli\guetzli\third_party\butteraugli\butteraugli\butteraugli.cc(1477): warning C4018: “<”: 有符号/无符号不匹配
g:\guetzli\guetzli\third_party\butteraugli\butteraugli\butteraugli.cc(1569): warning C4244: “=”: 从“double”转换到“float”，可能丢失数据
g:\guetzli\guetzli\third_party\butteraugli\butteraugli\butteraugli.cc(1572): warning C4305: “=”: 从“const double”到“float”截断
g:\guetzli\guetzli\third_party\butteraugli\butteraugli\butteraugli.cc(1603): warning C4244: “参数”: 从“const double”转换到“float”，可能丢失数据
g:\guetzli\guetzli\third_party\butteraugli\butteraugli\butteraugli.cc(1604): warning C4244: “参数”: 从“const double”转换到“float”，可能丢失数据
g:\guetzli\guetzli\third_party\butteraugli\butteraugli\butteraugli.cc(1610): warning C4244: “=”: 从“const double”转换到“float”，可能丢失数据
g:\guetzli\guetzli\third_party\butteraugli\butteraugli\butteraugli.cc(1632): warning C4244: “=”: 从“double”转换到“float”，可能丢失数据
g:\guetzli\guetzli\third_party\butteraugli\butteraugli\butteraugli.cc(1633): warning C4244: “=”: 从“double”转换到“float”，可能丢失数据
g:\guetzli\guetzli\third_party\butteraugli\butteraugli\butteraugli.cc(1634): warning C4244: “=”: 从“double”转换到“float”，可能丢失数据
g:\guetzli\guetzli\third_party\butteraugli\butteraugli\butteraugli.cc(1635): warning C4244: “=”: 从“double”转换到“float”，可能丢失数据
g:\guetzli\guetzli\third_party\butteraugli\butteraugli\butteraugli.cc(1636): warning C4244: “=”: 从“double”转换到“float”，可能丢失数据
g:\guetzli\guetzli\third_party\butteraugli\butteraugli\butteraugli.cc(1637): warning C4244: “=”: 从“double”转换到“float”，可能丢失数据
g:\guetzli\guetzli\third_party\butteraugli\butteraugli\butteraugli.cc(1660): warning C4018: “<”: 有符号/无符号不匹配
g:\guetzli\guetzli\third_party\butteraugli\butteraugli\butteraugli.cc(1661): warning C4018: “<”: 有符号/无符号不匹配
g:\guetzli\guetzli\third_party\butteraugli\butteraugli\butteraugli.cc(1672): warning C4018: “<”: 有符号/无符号不匹配
g:\guetzli\guetzli\third_party\butteraugli\butteraugli\butteraugli.cc(1673): warning C4018: “<”: 有符号/无符号不匹配
g:\guetzli\guetzli\third_party\butteraugli\butteraugli\butteraugli.h(234): warning C4018: “<”: 有符号/无符号不匹配
  g:\guetzli\guetzli\third_party\butteraugli\butteraugli\butteraugli.h(227): note: 编译类 模板 成员函数“butteraugli::Image<float>::Image(const std::size_t,const std::size_t,float)”时
  g:\guetzli\guetzli\third_party\butteraugli\butteraugli\butteraugli.cc(981): note: 参见对正在编译的函数 模板 实例化“butteraugli::Image<float>::Image(const std::size_t,const std::size_t,float)”的引用
  g:\guetzli\guetzli\third_party\butteraugli\butteraugli\butteraugli.cc(103): note: 参见对正在编译的类 模板 实例化“butteraugli::Image<float>”的引用
g:\guetzli\guetzli\third_party\butteraugli\butteraugli\butteraugli.h(510): warning C4305: “初始化”: 从“const double”到“float”截断
  g:\guetzli\guetzli\third_party\butteraugli\butteraugli\butteraugli.cc(406): note: 参见对正在编译的函数 模板 实例化“void butteraugli::OpsinAbsorbance<float>(const V &,const V &,const V &,V *__restrict ,V *__restrict ,V *__restrict )”的引用
          with
          [
              V=float
          ]
g:\guetzli\guetzli\third_party\butteraugli\butteraugli\butteraugli.h(511): warning C4305: “初始化”: 从“const double”到“float”截断
g:\guetzli\guetzli\third_party\butteraugli\butteraugli\butteraugli.h(512): warning C4305: “初始化”: 从“const double”到“float”截断
g:\guetzli\guetzli\third_party\butteraugli\butteraugli\butteraugli.h(513): warning C4305: “初始化”: 从“const double”到“float”截断
g:\guetzli\guetzli\third_party\butteraugli\butteraugli\butteraugli.h(514): warning C4305: “初始化”: 从“const double”到“float”截断
g:\guetzli\guetzli\third_party\butteraugli\butteraugli\butteraugli.h(515): warning C4305: “初始化”: 从“const double”到“float”截断
g:\guetzli\guetzli\third_party\butteraugli\butteraugli\butteraugli.h(516): warning C4305: “初始化”: 从“const double”到“float”截断
g:\guetzli\guetzli\third_party\butteraugli\butteraugli\butteraugli.h(517): warning C4305: “初始化”: 从“const double”到“float”截断
g:\guetzli\guetzli\third_party\butteraugli\butteraugli\butteraugli.h(518): warning C4305: “初始化”: 从“const double”到“float”截断
g:\guetzli\guetzli\third_party\butteraugli\butteraugli\butteraugli.h(519): warning C4305: “初始化”: 从“const double”到“float”截断
g:\guetzli\guetzli\third_party\butteraugli\butteraugli\butteraugli.h(520): warning C4305: “初始化”: 从“const double”到“float”截断
g:\guetzli\guetzli\third_party\butteraugli\butteraugli\butteraugli.h(521): warning C4305: “初始化”: 从“const double”到“float”截断
g:\guetzli\guetzli\third_party\butteraugli\butteraugli\butteraugli.cc(475): warning C4305: “初始化”: 从“const double”到“float”截断
  g:\guetzli\guetzli\third_party\butteraugli\butteraugli\butteraugli.cc(624): note: 参见对正在编译的函数 模板 实例化“void butteraugli::XybLowFreqToVals<float>(const V &,const V &,const V &,V *__restrict ,V *__restrict ,V *__restrict )”的引用
          with
          [
              V=float
          ]
g:\guetzli\guetzli\third_party\butteraugli\butteraugli\butteraugli.cc(476): warning C4305: “初始化”: 从“const double”到“float”截断
g:\guetzli\guetzli\third_party\butteraugli\butteraugli\butteraugli.cc(477): warning C4305: “初始化”: 从“const double”到“float”截断
g:\guetzli\guetzli\third_party\butteraugli\butteraugli\butteraugli.cc(478): warning C4305: “初始化”: 从“const double”到“float”截断
  score.cc
  quantize.cc
  quality.cc
  processor.cc
g:\guetzli\guetzli\guetzli\processor.cc(110): warning C4018: “<”: 有符号/无符号不匹配
g:\guetzli\guetzli\guetzli\processor.cc(648): warning C4018: “<”: 有符号/无符号不匹配
g:\guetzli\guetzli\guetzli\processor.cc(688): warning C4244: “初始化”: 从“float”转换到“int”，可能丢失数据
  preprocess_downsample.cc
g:\guetzli\guetzli\guetzli\preprocess_downsample.cc(318): warning C4244: “return”: 从“double”转换到“float”，可能丢失数据
  output_image.cc
  jpeg_huffman_decode.cc
  jpeg_data_writer.cc
  jpeg_data_reader.cc
g:\guetzli\guetzli\guetzli\jpeg_data_reader.cc(473): warning C4244: “return”: 从“uint64_t”转换到“int”，可能丢失数据
  jpeg_data_encoder.cc
  jpeg_data_decoder.cc
  jpeg_data.cc
  idct.cc
  gamma_correct.cc
  fdct.cc
  entropy_encode.cc
  debug_print.cc
  dct_double.cc
  butteraugli_comparator.cc
g:\guetzli\guetzli\guetzli\butteraugli_comparator.cc(42): warning C4244: “=”: 从“const double”转换到“float”，可能丢失数据
g:\guetzli\guetzli\guetzli\butteraugli_comparator.cc(73): warning C4244: “=”: 从“double”转换到“float”，可能丢失数据
g:\guetzli\guetzli\guetzli\butteraugli_comparator.cc(446): warning C4244: “=”: 从“const double”转换到“float”，可能丢失数据
  正在生成代码...
  guetzli_static.vcxproj -> G:\guetzli\guetzli\bin\x86\Debug\guetzli_static.lib
